<?xml version="1.0" encoding="UTF-8"?>
<!-- Generated by org.testng.reporters.JUnitXMLReporter -->
<testsuite hostname="DESKTOP-MPC3BJP" ignored="0" name="Default test" tests="3" failures="0" timestamp="26 Jan 2019 10:08:41 GMT" time="46.759" errors="0">
  <testcase name="Testcase1" time="18.004" classname="testCases.ReadAndWriteToExcel"/>
  <testcase name="Testcase1" time="14.379" classname="testCases.ReadAndWriteToExcel"/>
  <testcase name="Testcase1" time="13.483" classname="testCases.ReadAndWriteToExcel"/>
</testsuite> <!-- Default test -->
