<?xml version="1.0" encoding="UTF-8"?>
<!-- Generated by org.testng.reporters.JUnitXMLReporter -->
<testsuite hostname="DIN16002055" ignored="0" name="Default test" tests="3" failures="0" timestamp="06 Feb 2019 11:30:59 GMT" time="69.619" errors="0">
  <testcase name="Testcase1" time="25.137" classname="testCases.ReadAndWriteToExcel"/>
  <testcase name="Testcase1" time="22.705" classname="testCases.ReadAndWriteToExcel"/>
  <testcase name="Testcase1" time="20.971" classname="testCases.ReadAndWriteToExcel"/>
</testsuite> <!-- Default test -->
