<?xml version="1.0" encoding="UTF-8"?>
<testng-results skipped="0" failed="0" ignored="0" total="1" passed="1">
  <reporter-output>
  </reporter-output>
  <suite name="Default suite" duration-ms="31003" started-at="2019-09-22T20:21:12 IST" finished-at="2019-09-22T20:21:43 IST">
    <groups>
    </groups>
    <test name="Default test" duration-ms="31003" started-at="2019-09-22T20:21:12 IST" finished-at="2019-09-22T20:21:43 IST">
      <class name="testCases.AlertsDemo">
        <test-method status="PASS" signature="Alert_test()[pri:0, instance:testCases.AlertsDemo@3e77a1ed]" name="Alert_test" duration-ms="28565" started-at="2019-09-22T20:21:12 IST" finished-at="2019-09-22T20:21:41 IST">
          <reporter-output>
          </reporter-output>
        </test-method> <!-- Alert_test -->
        <test-method status="PASS" signature="AfterTest()[pri:0, instance:testCases.AlertsDemo@3e77a1ed]" name="AfterTest" is-config="true" duration-ms="2370" started-at="2019-09-22T20:21:41 IST" finished-at="2019-09-22T20:21:43 IST">
          <reporter-output>
          </reporter-output>
        </test-method> <!-- AfterTest -->
      </class> <!-- testCases.AlertsDemo -->
    </test> <!-- Default test -->
  </suite> <!-- Default suite -->
</testng-results>
