<?xml version="1.0" encoding="UTF-8"?>
<testng-results skipped="0" failed="0" ignored="0" total="1" passed="1">
  <reporter-output>
  </reporter-output>
  <suite name="Default suite" duration-ms="15391" started-at="2020-03-03T17:45:30 IST" finished-at="2020-03-03T17:45:45 IST">
    <groups>
    </groups>
    <test name="Default test" duration-ms="15391" started-at="2020-03-03T17:45:30 IST" finished-at="2020-03-03T17:45:45 IST">
      <class name="apiTesting.JsonPathDataSearch_POST">
        <test-method status="PASS" signature="POST_Service()[pri:0, instance:apiTesting.JsonPathDataSearch_POST@2bbaf4f0]" name="POST_Service" duration-ms="15301" started-at="2020-03-03T17:45:30 IST" finished-at="2020-03-03T17:45:45 IST">
          <reporter-output>
          </reporter-output>
        </test-method> <!-- POST_Service -->
      </class> <!-- apiTesting.JsonPathDataSearch_POST -->
    </test> <!-- Default test -->
  </suite> <!-- Default suite -->
</testng-results>
